<?xml version="1.0" encoding="UTF-8"?>
<!DOCTYPE regressiontest SYSTEM "http://www.tavultesoft.com/keymandev/regtest.dtd">
<regressiontest>
  <info>
    <version>6.0</version>
    <systemkeyboard>00000409</systemkeyboard>
    <keyboard>C:\Users\User\shree\keyboards\release\itrans\itrans_bengali\build\itrans_bengali.kmx</keyboard>
    <beginmode>Unicode</beginmode>
  </info>
  <events>
    <event>
       <key><shiftstate></shiftstate><vkey>K_PERIOD</vkey></key>
       <postcontext><text>.</text></postcontext>
    </event>
    <event>
       <key><shiftstate></shiftstate><vkey>K_Y</vkey></key>
       <postcontext><text>য়্</text></postcontext>
    </event>
    <event>
       <key><shiftstate></shiftstate><vkey>K_A</vkey></key>
       <postcontext><text>য়</text></postcontext>
    </event>
    <event>
       <key><shiftstate></shiftstate><vkey>K_SPACE</vkey></key>
       <postcontext><text>য় </text></postcontext>
    </event>
    <event>
       <key><shiftstate></shiftstate><vkey>K_PERIOD</vkey></key>
       <postcontext><text>য় .</text></postcontext>
    </event>
    <event>
       <key><shiftstate><shift/></shiftstate><vkey>K_D</vkey></key>
       <postcontext><text>য় ড়্</text></postcontext>
    </event>
    <event>
       <key><shiftstate></shiftstate><vkey>K_SPACE</vkey></key>
       <postcontext><text>য় ড় </text></postcontext>
    </event>
    <event>
       <key><shiftstate></shiftstate><vkey>K_PERIOD</vkey></key>
       <postcontext><text>য় ড় .</text></postcontext>
    </event>
    <event>
       <key><shiftstate><shift/></shiftstate><vkey>K_D</vkey></key>
       <postcontext><text>য় ড় ড়্</text></postcontext>
    </event>
    <event>
       <key><shiftstate></shiftstate><vkey>K_H</vkey></key>
       <postcontext><text>য় ড় ঢ়্</text></postcontext>
    </event>
    <event>
       <key><shiftstate></shiftstate><vkey>K_A</vkey></key>
       <postcontext><text>য় ড় ঢ়</text></postcontext>
    </event>
    <event>
       <key><shiftstate></shiftstate><vkey>K_SPACE</vkey></key>
       <postcontext><text>য় ড় ঢ় </text></postcontext>
    </event>
    <event>
       <key><shiftstate></shiftstate><vkey>K_PERIOD</vkey></key>
       <postcontext><text>য় ড় ঢ় .</text></postcontext>
    </event>
    <event>
       <key><shiftstate><shift/></shiftstate><vkey>K_D</vkey></key>
       <postcontext><text>য় ড় ঢ় ড়্</text></postcontext>
    </event>
    <event>
       <key><shiftstate></shiftstate><vkey>K_H</vkey></key>
       <postcontext><text>য় ড় ঢ় ঢ়্</text></postcontext>
    </event>
    <event>
       <key><shiftstate></shiftstate><vkey>K_O</vkey></key>
       <postcontext><text>য় ড় ঢ় ঢ়ো</text></postcontext>
    </event>
    <event>
       <key><shiftstate></shiftstate><vkey>K_SPACE</vkey></key>
       <postcontext><text>য় ড় ঢ় ঢ়ো </text></postcontext>
    </event>
    <event>
       <key><shiftstate></shiftstate><vkey>K_PERIOD</vkey></key>
       <postcontext><text>য় ড় ঢ় ঢ়ো .</text></postcontext>
    </event>
    <event>
       <key><shiftstate><shift/></shiftstate><vkey>K_D</vkey></key>
       <postcontext><text>য় ড় ঢ় ঢ়ো ড়্</text></postcontext>
    </event>
    <event>
       <key><shiftstate></shiftstate><vkey>K_H</vkey></key>
       <postcontext><text>য় ড় ঢ় ঢ়ো ঢ়্</text></postcontext>
    </event>
    <event>
       <key><shiftstate><shift/></shiftstate><vkey>K_O</vkey></key>
       <postcontext><text>য় ড় ঢ় ঢ়ো ঢ়ৗ</text></postcontext>
    </event>
    <event>
       <key><shiftstate></shiftstate><vkey>K_SPACE</vkey></key>
       <postcontext><text>য় ড় ঢ় ঢ়ো ঢ়ৗ </text></postcontext>
    </event>
    <event>
       <key><shiftstate></shiftstate><vkey>K_PERIOD</vkey></key>
       <postcontext><text>য় ড় ঢ় ঢ়ো ঢ়ৗ .</text></postcontext>
    </event>
    <event>
       <key><shiftstate></shiftstate><vkey>K_Y</vkey></key>
       <postcontext><text>য় ড় ঢ় ঢ়ো ঢ়ৗ য়্</text></postcontext>
    </event>
    <event>
       <key><shiftstate><shift/></shiftstate><vkey>K_O</vkey></key>
       <postcontext><text>য় ড় ঢ় ঢ়ো ঢ়ৗ য়ৗ</text></postcontext>
    </event>
    <event>
       <key><shiftstate></shiftstate><vkey>K_SPACE</vkey></key>
       <postcontext><text>য় ড় ঢ় ঢ়ো ঢ়ৗ য়ৗ </text></postcontext>
    </event>
    <event>
       <key><shiftstate></shiftstate><vkey>K_PERIOD</vkey></key>
       <postcontext><text>য় ড় ঢ় ঢ়ো ঢ়ৗ য়ৗ .</text></postcontext>
    </event>
    <event>
       <key><shiftstate></shiftstate><vkey>K_Y</vkey></key>
       <postcontext><text>য় ড় ঢ় ঢ়ো ঢ়ৗ য়ৗ য়্</text></postcontext>
    </event>
    <event>
       <key><shiftstate></shiftstate><vkey>K_E</vkey></key>
       <postcontext><text>য় ড় ঢ় ঢ়ো ঢ়ৗ য়ৗ য়ে</text></postcontext>
    </event>
    <event>
       <key><shiftstate></shiftstate><vkey>K_SPACE</vkey></key>
       <postcontext><text>য় ড় ঢ় ঢ়ো ঢ়ৗ য়ৗ য়ে </text></postcontext>
    </event>
    <event>
       <key><shiftstate></shiftstate><vkey>K_PERIOD</vkey></key>
       <postcontext><text>য় ড় ঢ় ঢ়ো ঢ়ৗ য়ৗ য়ে .</text></postcontext>
    </event>
    <event>
       <key><shiftstate><shift/></shiftstate><vkey>K_D</vkey></key>
       <postcontext><text>য় ড় ঢ় ঢ়ো ঢ়ৗ য়ৗ য়ে ড়্</text></postcontext>
    </event>
    <event>
       <key><shiftstate></shiftstate><vkey>K_A</vkey></key>
       <postcontext><text>য় ড় ঢ় ঢ়ো ঢ়ৗ য়ৗ য়ে ড়</text></postcontext>
    </event>
    <event>
       <key><shiftstate></shiftstate><vkey>K_W</vkey></key>
       <postcontext><text>য় ড় ঢ় ঢ়ো ঢ়ৗ য়ৗ য়ে ড়ৱ্</text></postcontext>
    </event>
    <event>
       <key><shiftstate></shiftstate><vkey>K_SPACE</vkey></key>
       <postcontext><text>য় ড় ঢ় ঢ়ো ঢ়ৗ য়ৗ য়ে ড়ৱ </text></postcontext>
    </event>
  </events></regressiontest>
