<?xml version="1.0" encoding="UTF-8"?>
<!DOCTYPE regressiontest SYSTEM "http://www.tavultesoft.com/keymandev/regtest.dtd">
<regressiontest>
  <info>
    <version>6.0</version>
    <systemkeyboard>00000409</systemkeyboard>
    <keyboard>..\..\build\itrans_bengali.kmx</keyboard>
    <beginmode>ANSI</beginmode>
  </info>
  <events>
    <event>
       <key><shiftstate><shift/></shiftstate><vkey>K_3</vkey></key>
       <postcontext><text>ওঁ</text></postcontext>
    </event>
    <event>
       <key><shiftstate></shiftstate><vkey>K_SPACE</vkey></key>
       <postcontext><text>ওঁ </text></postcontext>
    </event>
    <event>
       <key><shiftstate><shift/></shiftstate><vkey>K_4</vkey></key>
       <postcontext><text>ওঁ ₹</text></postcontext>
    </event>
    <event>
       <key><shiftstate></shiftstate><vkey>K_SPACE</vkey></key>
       <postcontext><text>ওঁ ₹ </text></postcontext>
    </event>
    <event>
       <key><shiftstate><shift/></shiftstate><vkey>K_5</vkey></key>
       <postcontext><text>ওঁ ₹ ࿕</text></postcontext>
    </event>
    <event>
       <key><shiftstate></shiftstate><vkey>K_SPACE</vkey></key>
       <postcontext><text>ওঁ ₹ ࿕ </text></postcontext>
    </event>
    <event>
       <key><shiftstate><shift/></shiftstate><vkey>K_8</vkey></key>
       <postcontext><text>ওঁ ₹ ࿕ ❀</text></postcontext>
    </event>
    <event>
       <key><shiftstate></shiftstate><vkey>K_SPACE</vkey></key>
       <postcontext><text>ওঁ ₹ ࿕ ❀ </text></postcontext>
    </event>
    <event>
       <key><shiftstate><shift/></shiftstate><vkey>K_7</vkey></key>
       <postcontext><text>ওঁ ₹ ࿕ ❀ ☸</text></postcontext>
    </event>
    <event>
       <key><shiftstate></shiftstate><vkey>K_SPACE</vkey></key>
       <postcontext><text>ওঁ ₹ ࿕ ❀ ☸ </text></postcontext>
    </event>
    <event>
       <key><shiftstate><shift/></shiftstate><vkey>K_V</vkey></key>
       <postcontext><text>ওঁ ₹ ࿕ ❀ ☸ ঽ</text></postcontext>
    </event>
    <event>
       <key><shiftstate></shiftstate><vkey>K_SPACE</vkey></key>
       <postcontext><text>ওঁ ₹ ࿕ ❀ ☸ ঽ </text></postcontext>
    </event>
    <event>
       <key><shiftstate><shift/></shiftstate><vkey>K_Q</vkey></key>
       <postcontext><text>ওঁ ₹ ࿕ ❀ ☸ ঽ ৺</text></postcontext>
    </event>
    <event>
       <key><shiftstate></shiftstate><vkey>K_SPACE</vkey></key>
       <postcontext><text>ওঁ ₹ ࿕ ❀ ☸ ঽ ৺ </text></postcontext>
    </event>
    <event>
       <key><shiftstate><shift/></shiftstate><vkey>K_W</vkey></key>
       <postcontext><text>ওঁ ₹ ࿕ ❀ ☸ ঽ ৺ ঀ</text></postcontext>
    </event>
    <event>
       <key><shiftstate></shiftstate><vkey>K_SPACE</vkey></key>
       <postcontext><text>ওঁ ₹ ࿕ ❀ ☸ ঽ ৺ ঀ </text></postcontext>
    </event>
    <event>
       <key><shiftstate><shift/></shiftstate><vkey>K_E</vkey></key>
       <postcontext><text>ওঁ ₹ ࿕ ❀ ☸ ঽ ৺ ঀ ◌৾</text></postcontext>
    </event>
    <event>
       <key><shiftstate></shiftstate><vkey>K_SPACE</vkey></key>
       <postcontext><text>ওঁ ₹ ࿕ ❀ ☸ ঽ ৺ ঀ ◌৾ </text></postcontext>
    </event>
    <event>
       <key><shiftstate><shift/></shiftstate><vkey>K_Z</vkey></key>
       <postcontext><text>ওঁ ₹ ࿕ ❀ ☸ ঽ ৺ ঀ ◌৾ ৲</text></postcontext>
    </event>
    <event>
       <key><shiftstate></shiftstate><vkey>K_SPACE</vkey></key>
       <postcontext><text>ওঁ ₹ ࿕ ❀ ☸ ঽ ৺ ঀ ◌৾ ৲ </text></postcontext>
    </event>
    <event>
       <key><shiftstate><shift/></shiftstate><vkey>K_X</vkey></key>
       <postcontext><text>ওঁ ₹ ࿕ ❀ ☸ ঽ ৺ ঀ ◌৾ ৲ ৻</text></postcontext>
    </event>
    <event>
       <key><shiftstate></shiftstate><vkey>K_SPACE</vkey></key>
       <postcontext><text>ওঁ ₹ ࿕ ❀ ☸ ঽ ৺ ঀ ◌৾ ৲ ৻ </text></postcontext>
    </event>
    <event>
       <key><shiftstate><shift/></shiftstate><vkey>K_F</vkey></key>
       <postcontext><text>ওঁ ₹ ࿕ ❀ ☸ ঽ ৺ ঀ ◌৾ ৲ ৻ ৳</text></postcontext>
    </event>
    <event>
       <key><shiftstate></shiftstate><vkey>K_SPACE</vkey></key>
       <postcontext><text>ওঁ ₹ ࿕ ❀ ☸ ঽ ৺ ঀ ◌৾ ৲ ৻ ৳ </text></postcontext>
    </event>
    <event>
       <key><shiftstate></shiftstate><vkey>K_Q</vkey></key>
       <postcontext><text>ওঁ ₹ ࿕ ❀ ☸ ঽ ৺ ঀ ◌৾ ৲ ৻ ৳ ৰ্</text></postcontext>
    </event>
    <event>
       <key><shiftstate></shiftstate><vkey>K_SPACE</vkey></key>
       <postcontext><text>ওঁ ₹ ࿕ ❀ ☸ ঽ ৺ ঀ ◌৾ ৲ ৻ ৳ ৰ </text></postcontext>
    </event>
    <event>
       <key><shiftstate></shiftstate><vkey>K_QUOTE</vkey></key>
       <postcontext><text>ওঁ ₹ ࿕ ❀ ☸ ঽ ৺ ঀ ◌৾ ৲ ৻ ৳ ৰ '</text></postcontext>
    </event>
    <event>
       <key><shiftstate></shiftstate><vkey>K_QUOTE</vkey></key>
       <postcontext><text>ওঁ ₹ ࿕ ❀ ☸ ঽ ৺ ঀ ◌৾ ৲ ৻ ৳ ৰ ॑</text></postcontext>
    </event>
    <event>
       <key><shiftstate></shiftstate><vkey>K_SPACE</vkey></key>
       <postcontext><text>ওঁ ₹ ࿕ ❀ ☸ ঽ ৺ ঀ ◌৾ ৲ ৻ ৳ ৰ ॑ </text></postcontext>
    </event>
    <event>
       <key><shiftstate></shiftstate><vkey>K_QUOTE</vkey></key>
       <postcontext><text>ওঁ ₹ ࿕ ❀ ☸ ঽ ৺ ঀ ◌৾ ৲ ৻ ৳ ৰ ॑ '</text></postcontext>
    </event>
    <event>
       <key><shiftstate></shiftstate><vkey>K_QUOTE</vkey></key>
       <postcontext><text>ওঁ ₹ ࿕ ❀ ☸ ঽ ৺ ঀ ◌৾ ৲ ৻ ৳ ৰ ॑ ॑</text></postcontext>
    </event>
    <event>
       <key><shiftstate></shiftstate><vkey>K_QUOTE</vkey></key>
       <postcontext><text>ওঁ ₹ ࿕ ❀ ☸ ঽ ৺ ঀ ◌৾ ৲ ৻ ৳ ৰ ॑ ᳚</text></postcontext>
    </event>
    <event>
       <key><shiftstate></shiftstate><vkey>K_SPACE</vkey></key>
       <postcontext><text>ওঁ ₹ ࿕ ❀ ☸ ঽ ৺ ঀ ◌৾ ৲ ৻ ৳ ৰ ॑ ᳚ </text></postcontext>
    </event>
    <event>
       <key><shiftstate></shiftstate><vkey>K_QUOTE</vkey></key>
       <postcontext><text>ওঁ ₹ ࿕ ❀ ☸ ঽ ৺ ঀ ◌৾ ৲ ৻ ৳ ৰ ॑ ᳚ '</text></postcontext>
    </event>
    <event>
       <key><shiftstate></shiftstate><vkey>K_QUOTE</vkey></key>
       <postcontext><text>ওঁ ₹ ࿕ ❀ ☸ ঽ ৺ ঀ ◌৾ ৲ ৻ ৳ ৰ ॑ ᳚ ॑</text></postcontext>
    </event>
    <event>
       <key><shiftstate></shiftstate><vkey>K_QUOTE</vkey></key>
       <postcontext><text>ওঁ ₹ ࿕ ❀ ☸ ঽ ৺ ঀ ◌৾ ৲ ৻ ৳ ৰ ॑ ᳚ ᳚</text></postcontext>
    </event>
    <event>
       <key><shiftstate></shiftstate><vkey>K_QUOTE</vkey></key>
       <postcontext><text>ওঁ ₹ ࿕ ❀ ☸ ঽ ৺ ঀ ◌৾ ৲ ৻ ৳ ৰ ॑ ᳚ ᳛</text></postcontext>
    </event>
    <event>
       <key><shiftstate></shiftstate><vkey>K_SPACE</vkey></key>
       <postcontext><text>ওঁ ₹ ࿕ ❀ ☸ ঽ ৺ ঀ ◌৾ ৲ ৻ ৳ ৰ ॑ ᳚ ᳛ </text></postcontext>
    </event>
    <event>
       <key><shiftstate></shiftstate><vkey>K_QUOTE</vkey></key>
       <postcontext><text>ওঁ ₹ ࿕ ❀ ☸ ঽ ৺ ঀ ◌৾ ৲ ৻ ৳ ৰ ॑ ᳚ ᳛ '</text></postcontext>
    </event>
    <event>
       <key><shiftstate></shiftstate><vkey>K_QUOTE</vkey></key>
       <postcontext><text>ওঁ ₹ ࿕ ❀ ☸ ঽ ৺ ঀ ◌৾ ৲ ৻ ৳ ৰ ॑ ᳚ ᳛ ॑</text></postcontext>
    </event>
    <event>
       <key><shiftstate></shiftstate><vkey>K_SPACE</vkey></key>
       <postcontext><text>ওঁ ₹ ࿕ ❀ ☸ ঽ ৺ ঀ ◌৾ ৲ ৻ ৳ ৰ ॑ ᳚ ᳛ ॑ </text></postcontext>
    </event>
    <event>
       <key><shiftstate></shiftstate><vkey>K_BKQUOTE</vkey></key>
       <postcontext><text>ওঁ ₹ ࿕ ❀ ☸ ঽ ৺ ঀ ◌৾ ৲ ৻ ৳ ৰ ॑ ᳚ ᳛ ॑ `</text></postcontext>
    </event>
    <event>
       <key><shiftstate></shiftstate><vkey>K_BKQUOTE</vkey></key>
       <postcontext><text>ওঁ ₹ ࿕ ❀ ☸ ঽ ৺ ঀ ◌৾ ৲ ৻ ৳ ৰ ॑ ᳚ ᳛ ॑ ॒</text></postcontext>
    </event>
    <event>
       <key><shiftstate></shiftstate><vkey>K_SPACE</vkey></key>
       <postcontext><text>ওঁ ₹ ࿕ ❀ ☸ ঽ ৺ ঀ ◌৾ ৲ ৻ ৳ ৰ ॑ ᳚ ᳛ ॑ ॒ </text></postcontext>
    </event>
    <event>
       <key><shiftstate><shift/></shiftstate><vkey>K_M</vkey></key>
       <postcontext><text>ওঁ ₹ ࿕ ❀ ☸ ঽ ৺ ঀ ◌৾ ৲ ৻ ৳ ৰ ॑ ᳚ ᳛ ॑ ॒ ং</text></postcontext>
    </event>
    <event>
       <key><shiftstate><shift/></shiftstate><vkey>K_M</vkey></key>
       <postcontext><text>ওঁ ₹ ࿕ ❀ ☸ ঽ ৺ ঀ ◌৾ ৲ ৻ ৳ ৰ ॑ ᳚ ᳛ ॑ ॒ ঁ</text></postcontext>
    </event>
    <event>
       <key><shiftstate><shift/></shiftstate><vkey>K_6</vkey></key>
       <postcontext><text>ওঁ ₹ ࿕ ❀ ☸ ঽ ৺ ঀ ◌৾ ৲ ৻ ৳ ৰ ॑ ᳚ ᳛ ॑ ॒ ৼ</text></postcontext>
    </event>
    <event>
       <key><shiftstate></shiftstate><vkey>K_SPACE</vkey></key>
       <postcontext><text>ওঁ ₹ ࿕ ❀ ☸ ঽ ৺ ঀ ◌৾ ৲ ৻ ৳ ৰ ॑ ᳚ ᳛ ॑ ॒ ৼ </text></postcontext>
    </event>
    <event>
       <key><shiftstate></shiftstate><vkey>K_EQUAL</vkey></key>
       <postcontext><text>ওঁ ₹ ࿕ ❀ ☸ ঽ ৺ ঀ ◌৾ ৲ ৻ ৳ ৰ ॑ ᳚ ᳛ ॑ ॒ ৼ =</text></postcontext>
    </event>
    <event>
       <key><shiftstate></shiftstate><vkey>K_EQUAL</vkey></key>
       <postcontext><text>ওঁ ₹ ࿕ ❀ ☸ ঽ ৺ ঀ ◌৾ ৲ ৻ ৳ ৰ ॑ ᳚ ᳛ ॑ ॒ ৼ ᳶ</text></postcontext>
    </event>
    <event>
       <key><shiftstate></shiftstate><vkey>K_SPACE</vkey></key>
       <postcontext><text>ওঁ ₹ ࿕ ❀ ☸ ঽ ৺ ঀ ◌৾ ৲ ৻ ৳ ৰ ॑ ᳚ ᳛ ॑ ॒ ৼ ᳶ </text></postcontext>
    </event>
    <event>
       <key><shiftstate><shift/></shiftstate><vkey>K_6</vkey></key>
       <postcontext><text>ওঁ ₹ ࿕ ❀ ☸ ঽ ৺ ঀ ◌৾ ৲ ৻ ৳ ৰ ॑ ᳚ ᳛ ॑ ॒ ৼ ᳶ ্</text></postcontext>
    </event>
    <event>
       <key><shiftstate></shiftstate><vkey>K_SPACE</vkey></key>
       <postcontext><text>ওঁ ₹ ࿕ ❀ ☸ ঽ ৺ ঀ ◌৾ ৲ ৻ ৳ ৰ ॑ ᳚ ᳛ ॑ ॒ ৼ ᳶ ্ </text></postcontext>
    </event>
    <event>
       <key><shiftstate></shiftstate><vkey>K_COMMA</vkey></key>
       <postcontext><text>ওঁ ₹ ࿕ ❀ ☸ ঽ ৺ ঀ ◌৾ ৲ ৻ ৳ ৰ ॑ ᳚ ᳛ ॑ ॒ ৼ ᳶ ্ ,</text></postcontext>
    </event>
    <event>
       <key><shiftstate></shiftstate><vkey>K_COMMA</vkey></key>
       <postcontext><text>ওঁ ₹ ࿕ ❀ ☸ ঽ ৺ ঀ ◌৾ ৲ ৻ ৳ ৰ ॑ ᳚ ᳛ ॑ ॒ ৼ ᳶ ্ ৽</text></postcontext>
    </event>
    <event>
       <key><shiftstate></shiftstate><vkey>K_SPACE</vkey></key>
       <postcontext><text>ওঁ ₹ ࿕ ❀ ☸ ঽ ৺ ঀ ◌৾ ৲ ৻ ৳ ৰ ॑ ᳚ ᳛ ॑ ॒ ৼ ᳶ ্ ৽ </text></postcontext>
    </event>
    <event>
       <key><shiftstate></shiftstate><vkey>K_PERIOD</vkey></key>
       <postcontext><text>ওঁ ₹ ࿕ ❀ ☸ ঽ ৺ ঀ ◌৾ ৲ ৻ ৳ ৰ ॑ ᳚ ᳛ ॑ ॒ ৼ ᳶ ্ ৽ .</text></postcontext>
    </event>
    <event>
       <key><shiftstate></shiftstate><vkey>K_PERIOD</vkey></key>
       <postcontext><text>ওঁ ₹ ࿕ ❀ ☸ ঽ ৺ ঀ ◌৾ ৲ ৻ ৳ ৰ ॑ ᳚ ᳛ ॑ ॒ ৼ ᳶ ্ ৽ ।</text></postcontext>
    </event>
    <event>
       <key><shiftstate></shiftstate><vkey>K_SPACE</vkey></key>
       <postcontext><text>ওঁ ₹ ࿕ ❀ ☸ ঽ ৺ ঀ ◌৾ ৲ ৻ ৳ ৰ ॑ ᳚ ᳛ ॑ ॒ ৼ ᳶ ্ ৽ । </text></postcontext>
    </event>
    <event>
       <key><shiftstate></shiftstate><vkey>K_PERIOD</vkey></key>
       <postcontext><text>ওঁ ₹ ࿕ ❀ ☸ ঽ ৺ ঀ ◌৾ ৲ ৻ ৳ ৰ ॑ ᳚ ᳛ ॑ ॒ ৼ ᳶ ্ ৽ । .</text></postcontext>
    </event>
    <event>
       <key><shiftstate></shiftstate><vkey>K_PERIOD</vkey></key>
       <postcontext><text>ওঁ ₹ ࿕ ❀ ☸ ঽ ৺ ঀ ◌৾ ৲ ৻ ৳ ৰ ॑ ᳚ ᳛ ॑ ॒ ৼ ᳶ ্ ৽ । ।</text></postcontext>
    </event>
    <event>
       <key><shiftstate></shiftstate><vkey>K_PERIOD</vkey></key>
       <postcontext><text>ওঁ ₹ ࿕ ❀ ☸ ঽ ৺ ঀ ◌৾ ৲ ৻ ৳ ৰ ॑ ᳚ ᳛ ॑ ॒ ৼ ᳶ ্ ৽ । ॥</text></postcontext>
    </event>
    <event>
       <key><shiftstate></shiftstate><vkey>K_SPACE</vkey></key>
       <postcontext><text>ওঁ ₹ ࿕ ❀ ☸ ঽ ৺ ঀ ◌৾ ৲ ৻ ৳ ৰ ॑ ᳚ ᳛ ॑ ॒ ৼ ᳶ ্ ৽ । ॥ </text></postcontext>
    </event>
    <event>
       <key><shiftstate></shiftstate><vkey>K_PERIOD</vkey></key>
       <postcontext><text>ওঁ ₹ ࿕ ❀ ☸ ঽ ৺ ঀ ◌৾ ৲ ৻ ৳ ৰ ॑ ᳚ ᳛ ॑ ॒ ৼ ᳶ ্ ৽ । ॥ .</text></postcontext>
    </event>
    <event>
       <key><shiftstate></shiftstate><vkey>K_PERIOD</vkey></key>
       <postcontext><text>ওঁ ₹ ࿕ ❀ ☸ ঽ ৺ ঀ ◌৾ ৲ ৻ ৳ ৰ ॑ ᳚ ᳛ ॑ ॒ ৼ ᳶ ্ ৽ । ॥ ।</text></postcontext>
    </event>
    <event>
       <key><shiftstate></shiftstate><vkey>K_PERIOD</vkey></key>
       <postcontext><text>ওঁ ₹ ࿕ ❀ ☸ ঽ ৺ ঀ ◌৾ ৲ ৻ ৳ ৰ ॑ ᳚ ᳛ ॑ ॒ ৼ ᳶ ্ ৽ । ॥ ॥</text></postcontext>
    </event>
    <event>
       <key><shiftstate></shiftstate><vkey>K_PERIOD</vkey></key>
       <postcontext><text>ওঁ ₹ ࿕ ❀ ☸ ঽ ৺ ঀ ◌৾ ৲ ৻ ৳ ৰ ॑ ᳚ ᳛ ॑ ॒ ৼ ᳶ ্ ৽ । ॥ …</text></postcontext>
    </event>
    <event>
       <key><shiftstate></shiftstate><vkey>K_SPACE</vkey></key>
       <postcontext><text>ওঁ ₹ ࿕ ❀ ☸ ঽ ৺ ঀ ◌৾ ৲ ৻ ৳ ৰ ॑ ᳚ ᳛ ॑ ॒ ৼ ᳶ ্ ৽ । ॥ … </text></postcontext>
    </event>
    <event>
       <key><shiftstate></shiftstate><vkey>K_HYPHEN</vkey></key>
       <postcontext><text>ওঁ ₹ ࿕ ❀ ☸ ঽ ৺ ঀ ◌৾ ৲ ৻ ৳ ৰ ॑ ᳚ ᳛ ॑ ॒ ৼ ᳶ ্ ৽ । ॥ … -</text></postcontext>
    </event>
    <event>
       <key><shiftstate></shiftstate><vkey>K_HYPHEN</vkey></key>
       <postcontext><text>ওঁ ₹ ࿕ ❀ ☸ ঽ ৺ ঀ ◌৾ ৲ ৻ ৳ ৰ ॑ ᳚ ᳛ ॑ ॒ ৼ ᳶ ্ ৽ । ॥ … –</text></postcontext>
    </event>
    <event>
       <key><shiftstate></shiftstate><vkey>K_SPACE</vkey></key>
       <postcontext><text>ওঁ ₹ ࿕ ❀ ☸ ঽ ৺ ঀ ◌৾ ৲ ৻ ৳ ৰ ॑ ᳚ ᳛ ॑ ॒ ৼ ᳶ ্ ৽ । ॥ … – </text></postcontext>
    </event>
    <event>
       <key><shiftstate></shiftstate><vkey>K_HYPHEN</vkey></key>
       <postcontext><text>ওঁ ₹ ࿕ ❀ ☸ ঽ ৺ ঀ ◌৾ ৲ ৻ ৳ ৰ ॑ ᳚ ᳛ ॑ ॒ ৼ ᳶ ্ ৽ । ॥ … – -</text></postcontext>
    </event>
    <event>
       <key><shiftstate></shiftstate><vkey>K_HYPHEN</vkey></key>
       <postcontext><text>ওঁ ₹ ࿕ ❀ ☸ ঽ ৺ ঀ ◌৾ ৲ ৻ ৳ ৰ ॑ ᳚ ᳛ ॑ ॒ ৼ ᳶ ্ ৽ । ॥ … – –</text></postcontext>
    </event>
    <event>
       <key><shiftstate></shiftstate><vkey>K_HYPHEN</vkey></key>
       <postcontext><text>ওঁ ₹ ࿕ ❀ ☸ ঽ ৺ ঀ ◌৾ ৲ ৻ ৳ ৰ ॑ ᳚ ᳛ ॑ ॒ ৼ ᳶ ্ ৽ । ॥ … – —</text></postcontext>
    </event>
    <event>
       <key><shiftstate></shiftstate><vkey>K_SPACE</vkey></key>
       <postcontext><text>ওঁ ₹ ࿕ ❀ ☸ ঽ ৺ ঀ ◌৾ ৲ ৻ ৳ ৰ ॑ ᳚ ᳛ ॑ ॒ ৼ ᳶ ্ ৽ । ॥ … – — </text></postcontext>
    </event>
    <event>
       <key><shiftstate><shift/></shiftstate><vkey>K_L</vkey></key>
       <postcontext><text>ওঁ ₹ ࿕ ❀ ☸ ঽ ৺ ঀ ◌৾ ৲ ৻ ৳ ৰ ॑ ᳚ ᳛ ॑ ॒ ৼ ᳶ ্ ৽ । ॥ … – — ঌ</text></postcontext>
    </event>
    <event>
       <key><shiftstate></shiftstate><vkey>K_SPACE</vkey></key>
       <postcontext><text>ওঁ ₹ ࿕ ❀ ☸ ঽ ৺ ঀ ◌৾ ৲ ৻ ৳ ৰ ॑ ᳚ ᳛ ॑ ॒ ৼ ᳶ ্ ৽ । ॥ … – — ঌ </text></postcontext>
    </event>
    <event>
       <key><shiftstate><shift/></shiftstate><vkey>K_L</vkey></key>
       <postcontext><text>ওঁ ₹ ࿕ ❀ ☸ ঽ ৺ ঀ ◌৾ ৲ ৻ ৳ ৰ ॑ ᳚ ᳛ ॑ ॒ ৼ ᳶ ্ ৽ । ॥ … – — ঌ ঌ</text></postcontext>
    </event>
    <event>
       <key><shiftstate><shift/></shiftstate><vkey>K_L</vkey></key>
       <postcontext><text>ওঁ ₹ ࿕ ❀ ☸ ঽ ৺ ঀ ◌৾ ৲ ৻ ৳ ৰ ॑ ᳚ ᳛ ॑ ॒ ৼ ᳶ ্ ৽ । ॥ … – — ঌ ঌ</text></postcontext>
    </event>
    <event>
       <key><shiftstate></shiftstate><vkey>K_SPACE</vkey></key>
       <postcontext><text>ওঁ ₹ ࿕ ❀ ☸ ঽ ৺ ঀ ◌৾ ৲ ৻ ৳ ৰ ॑ ᳚ ᳛ ॑ ॒ ৼ ᳶ ্ ৽ । ॥ … – — ঌ ঌ </text></postcontext>
    </event>
    <event>
       <key><shiftstate><shift/></shiftstate><vkey>K_L</vkey></key>
       <postcontext><text>ওঁ ₹ ࿕ ❀ ☸ ঽ ৺ ঀ ◌৾ ৲ ৻ ৳ ৰ ॑ ᳚ ᳛ ॑ ॒ ৼ ᳶ ্ ৽ । ॥ … – — ঌ ঌ ঌ</text></postcontext>
    </event>
    <event>
       <key><shiftstate><shift/></shiftstate><vkey>K_L</vkey></key>
       <postcontext><text>ওঁ ₹ ࿕ ❀ ☸ ঽ ৺ ঀ ◌৾ ৲ ৻ ৳ ৰ ॑ ᳚ ᳛ ॑ ॒ ৼ ᳶ ্ ৽ । ॥ … – — ঌ ঌ ঌ</text></postcontext>
    </event>
    <event>
       <key><shiftstate><shift/></shiftstate><vkey>K_6</vkey></key>
       <postcontext><text>ওঁ ₹ ࿕ ❀ ☸ ঽ ৺ ঀ ◌৾ ৲ ৻ ৳ ৰ ॑ ᳚ ᳛ ॑ ॒ ৼ ᳶ ্ ৽ । ॥ … – — ঌ ঌ ৡ</text></postcontext>
    </event>
    <event>
       <key><shiftstate></shiftstate><vkey>K_SPACE</vkey></key>
       <postcontext><text>ওঁ ₹ ࿕ ❀ ☸ ঽ ৺ ঀ ◌৾ ৲ ৻ ৳ ৰ ॑ ᳚ ᳛ ॑ ॒ ৼ ᳶ ্ ৽ । ॥ … – — ঌ ঌ ৡ </text></postcontext>
    </event>
    <event>
       <key><shiftstate><shift/></shiftstate><vkey>K_R</vkey></key>
       <postcontext><text>ওঁ ₹ ࿕ ❀ ☸ ঽ ৺ ঀ ◌৾ ৲ ৻ ৳ ৰ ॑ ᳚ ᳛ ॑ ॒ ৼ ᳶ ্ ৽ । ॥ … – — ঌ ঌ ৡ ঋ</text></postcontext>
    </event>
    <event>
       <key><shiftstate></shiftstate><vkey>K_SPACE</vkey></key>
       <postcontext><text>ওঁ ₹ ࿕ ❀ ☸ ঽ ৺ ঀ ◌৾ ৲ ৻ ৳ ৰ ॑ ᳚ ᳛ ॑ ॒ ৼ ᳶ ্ ৽ । ॥ … – — ঌ ঌ ৡ ঋ </text></postcontext>
    </event>
    <event>
       <key><shiftstate><shift/></shiftstate><vkey>K_R</vkey></key>
       <postcontext><text>ওঁ ₹ ࿕ ❀ ☸ ঽ ৺ ঀ ◌৾ ৲ ৻ ৳ ৰ ॑ ᳚ ᳛ ॑ ॒ ৼ ᳶ ্ ৽ । ॥ … – — ঌ ঌ ৡ ঋ ঋ</text></postcontext>
    </event>
    <event>
       <key><shiftstate><shift/></shiftstate><vkey>K_R</vkey></key>
       <postcontext><text>ওঁ ₹ ࿕ ❀ ☸ ঽ ৺ ঀ ◌৾ ৲ ৻ ৳ ৰ ॑ ᳚ ᳛ ॑ ॒ ৼ ᳶ ্ ৽ । ॥ … – — ঌ ঌ ৡ ঋ ঋ</text></postcontext>
    </event>
    <event>
       <key><shiftstate></shiftstate><vkey>K_SPACE</vkey></key>
       <postcontext><text>ওঁ ₹ ࿕ ❀ ☸ ঽ ৺ ঀ ◌৾ ৲ ৻ ৳ ৰ ॑ ᳚ ᳛ ॑ ॒ ৼ ᳶ ্ ৽ । ॥ … – — ঌ ঌ ৡ ঋ ঋ </text></postcontext>
    </event>
    <event>
       <key><shiftstate><shift/></shiftstate><vkey>K_R</vkey></key>
       <postcontext><text>ওঁ ₹ ࿕ ❀ ☸ ঽ ৺ ঀ ◌৾ ৲ ৻ ৳ ৰ ॑ ᳚ ᳛ ॑ ॒ ৼ ᳶ ্ ৽ । ॥ … – — ঌ ঌ ৡ ঋ ঋ ঋ</text></postcontext>
    </event>
    <event>
       <key><shiftstate><shift/></shiftstate><vkey>K_R</vkey></key>
       <postcontext><text>ওঁ ₹ ࿕ ❀ ☸ ঽ ৺ ঀ ◌৾ ৲ ৻ ৳ ৰ ॑ ᳚ ᳛ ॑ ॒ ৼ ᳶ ্ ৽ । ॥ … – — ঌ ঌ ৡ ঋ ঋ ঋ</text></postcontext>
    </event>
    <event>
       <key><shiftstate><shift/></shiftstate><vkey>K_6</vkey></key>
       <postcontext><text>ওঁ ₹ ࿕ ❀ ☸ ঽ ৺ ঀ ◌৾ ৲ ৻ ৳ ৰ ॑ ᳚ ᳛ ॑ ॒ ৼ ᳶ ্ ৽ । ॥ … – — ঌ ঌ ৡ ঋ ঋ ৠ</text></postcontext>
    </event>
    <event>
       <key><shiftstate></shiftstate><vkey>K_SPACE</vkey></key>
       <postcontext><text>ওঁ ₹ ࿕ ❀ ☸ ঽ ৺ ঀ ◌৾ ৲ ৻ ৳ ৰ ॑ ᳚ ᳛ ॑ ॒ ৼ ᳶ ্ ৽ । ॥ … – — ঌ ঌ ৡ ঋ ঋ ৠ </text></postcontext>
    </event>
    <event>
       <key><shiftstate><shift/></shiftstate><vkey>K_O</vkey></key>
       <postcontext><text>ওঁ ₹ ࿕ ❀ ☸ ঽ ৺ ঀ ◌৾ ৲ ৻ ৳ ৰ ॑ ᳚ ᳛ ॑ ॒ ৼ ᳶ ্ ৽ । ॥ … – — ঌ ঌ ৡ ঋ ঋ ৠ ৗ</text></postcontext>
    </event>
    <event>
       <key><shiftstate></shiftstate><vkey>K_SPACE</vkey></key>
       <postcontext><text>ওঁ ₹ ࿕ ❀ ☸ ঽ ৺ ঀ ◌৾ ৲ ৻ ৳ ৰ ॑ ᳚ ᳛ ॑ ॒ ৼ ᳶ ্ ৽ । ॥ … – — ঌ ঌ ৡ ঋ ঋ ৠ ৗ </text></postcontext>
    </event>
    <event>
       <key><shiftstate><shift/></shiftstate><vkey>K_H</vkey></key>
       <postcontext><text>ওঁ ₹ ࿕ ❀ ☸ ঽ ৺ ঀ ◌৾ ৲ ৻ ৳ ৰ ॑ ᳚ ᳛ ॑ ॒ ৼ ᳶ ্ ৽ । ॥ … – — ঌ ঌ ৡ ঋ ঋ ৠ ৗ ঃ</text></postcontext>
    </event>
    <event>
       <key><shiftstate></shiftstate><vkey>K_SPACE</vkey></key>
       <postcontext><text>ওঁ ₹ ࿕ ❀ ☸ ঽ ৺ ঀ ◌৾ ৲ ৻ ৳ ৰ ॑ ᳚ ᳛ ॑ ॒ ৼ ᳶ ্ ৽ । ॥ … – — ঌ ঌ ৡ ঋ ঋ ৠ ৗ ঃ </text></postcontext>
    </event>
    <event>
       <key><shiftstate><shift/></shiftstate><vkey>K_M</vkey></key>
       <postcontext><text>ওঁ ₹ ࿕ ❀ ☸ ঽ ৺ ঀ ◌৾ ৲ ৻ ৳ ৰ ॑ ᳚ ᳛ ॑ ॒ ৼ ᳶ ্ ৽ । ॥ … – — ঌ ঌ ৡ ঋ ঋ ৠ ৗ ঃ ং</text></postcontext>
    </event>
    <event>
       <key><shiftstate></shiftstate><vkey>K_SPACE</vkey></key>
       <postcontext><text>ওঁ ₹ ࿕ ❀ ☸ ঽ ৺ ঀ ◌৾ ৲ ৻ ৳ ৰ ॑ ᳚ ᳛ ॑ ॒ ৼ ᳶ ্ ৽ । ॥ … – — ঌ ঌ ৡ ঋ ঋ ৠ ৗ ঃ ং </text></postcontext>
    </event>
    <event>
       <key><shiftstate><shift/></shiftstate><vkey>K_M</vkey></key>
       <postcontext><text>ওঁ ₹ ࿕ ❀ ☸ ঽ ৺ ঀ ◌৾ ৲ ৻ ৳ ৰ ॑ ᳚ ᳛ ॑ ॒ ৼ ᳶ ্ ৽ । ॥ … – — ঌ ঌ ৡ ঋ ঋ ৠ ৗ ঃ ং ং</text></postcontext>
    </event>
    <event>
       <key><shiftstate><shift/></shiftstate><vkey>K_M</vkey></key>
       <postcontext><text>ওঁ ₹ ࿕ ❀ ☸ ঽ ৺ ঀ ◌৾ ৲ ৻ ৳ ৰ ॑ ᳚ ᳛ ॑ ॒ ৼ ᳶ ্ ৽ । ॥ … – — ঌ ঌ ৡ ঋ ঋ ৠ ৗ ঃ ং ঁ</text></postcontext>
    </event>
    <event>
       <key><shiftstate></shiftstate><vkey>K_SPACE</vkey></key>
       <postcontext><text>ওঁ ₹ ࿕ ❀ ☸ ঽ ৺ ঀ ◌৾ ৲ ৻ ৳ ৰ ॑ ᳚ ᳛ ॑ ॒ ৼ ᳶ ্ ৽ । ॥ … – — ঌ ঌ ৡ ঋ ঋ ৠ ৗ ঃ ং ঁ </text></postcontext>
    </event>
    <event>
       <key><shiftstate></shiftstate><vkey>K_B</vkey></key>
       <postcontext><text>ওঁ ₹ ࿕ ❀ ☸ ঽ ৺ ঀ ◌৾ ৲ ৻ ৳ ৰ ॑ ᳚ ᳛ ॑ ॒ ৼ ᳶ ্ ৽ । ॥ … – — ঌ ঌ ৡ ঋ ঋ ৠ ৗ ঃ ং ঁ ব্</text></postcontext>
    </event>
    <event>
       <key><shiftstate></shiftstate><vkey>K_SPACE</vkey></key>
       <postcontext><text>ওঁ ₹ ࿕ ❀ ☸ ঽ ৺ ঀ ◌৾ ৲ ৻ ৳ ৰ ॑ ᳚ ᳛ ॑ ॒ ৼ ᳶ ্ ৽ । ॥ … – — ঌ ঌ ৡ ঋ ঋ ৠ ৗ ঃ ং ঁ ব </text></postcontext>
    </event>
    <event>
       <key><shiftstate></shiftstate><vkey>K_V</vkey></key>
       <postcontext><text>ওঁ ₹ ࿕ ❀ ☸ ঽ ৺ ঀ ◌৾ ৲ ৻ ৳ ৰ ॑ ᳚ ᳛ ॑ ॒ ৼ ᳶ ্ ৽ । ॥ … – — ঌ ঌ ৡ ঋ ঋ ৠ ৗ ঃ ং ঁ ব ব্</text></postcontext>
    </event>
    <event>
       <key><shiftstate></shiftstate><vkey>K_SPACE</vkey></key>
       <postcontext><text>ওঁ ₹ ࿕ ❀ ☸ ঽ ৺ ঀ ◌৾ ৲ ৻ ৳ ৰ ॑ ᳚ ᳛ ॑ ॒ ৼ ᳶ ্ ৽ । ॥ … – — ঌ ঌ ৡ ঋ ঋ ৠ ৗ ঃ ং ঁ ব ব </text></postcontext>
    </event>
    <event>
       <key><shiftstate></shiftstate><vkey>K_V</vkey></key>
       <postcontext><text>ওঁ ₹ ࿕ ❀ ☸ ঽ ৺ ঀ ◌৾ ৲ ৻ ৳ ৰ ॑ ᳚ ᳛ ॑ ॒ ৼ ᳶ ্ ৽ । ॥ … – — ঌ ঌ ৡ ঋ ঋ ৠ ৗ ঃ ং ঁ ব ব ব্</text></postcontext>
    </event>
    <event>
       <key><shiftstate></shiftstate><vkey>K_O</vkey></key>
       <postcontext><text>ওঁ ₹ ࿕ ❀ ☸ ঽ ৺ ঀ ◌৾ ৲ ৻ ৳ ৰ ॑ ᳚ ᳛ ॑ ॒ ৼ ᳶ ্ ৽ । ॥ … – — ঌ ঌ ৡ ঋ ঋ ৠ ৗ ঃ ং ঁ ব ব বো</text></postcontext>
    </event>
    <event>
       <key><shiftstate></shiftstate><vkey>K_SPACE</vkey></key>
       <postcontext><text>ওঁ ₹ ࿕ ❀ ☸ ঽ ৺ ঀ ◌৾ ৲ ৻ ৳ ৰ ॑ ᳚ ᳛ ॑ ॒ ৼ ᳶ ্ ৽ । ॥ … – — ঌ ঌ ৡ ঋ ঋ ৠ ৗ ঃ ং ঁ ব ব বো </text></postcontext>
    </event>
    <event>
       <key><shiftstate></shiftstate><vkey>K_V</vkey></key>
       <postcontext><text>ওঁ ₹ ࿕ ❀ ☸ ঽ ৺ ঀ ◌৾ ৲ ৻ ৳ ৰ ॑ ᳚ ᳛ ॑ ॒ ৼ ᳶ ্ ৽ । ॥ … – — ঌ ঌ ৡ ঋ ঋ ৠ ৗ ঃ ং ঁ ব ব বো ব্</text></postcontext>
    </event>
    <event>
       <key><shiftstate></shiftstate><vkey>K_O</vkey></key>
       <postcontext><text>ওঁ ₹ ࿕ ❀ ☸ ঽ ৺ ঀ ◌৾ ৲ ৻ ৳ ৰ ॑ ᳚ ᳛ ॑ ॒ ৼ ᳶ ্ ৽ । ॥ … – — ঌ ঌ ৡ ঋ ঋ ৠ ৗ ঃ ং ঁ ব ব বো বো</text></postcontext>
    </event>
    <event>
       <key><shiftstate></shiftstate><vkey>K_SPACE</vkey></key>
       <postcontext><text>ওঁ ₹ ࿕ ❀ ☸ ঽ ৺ ঀ ◌৾ ৲ ৻ ৳ ৰ ॑ ᳚ ᳛ ॑ ॒ ৼ ᳶ ্ ৽ । ॥ … – — ঌ ঌ ৡ ঋ ঋ ৠ ৗ ঃ ং ঁ ব ব বো বো </text></postcontext>
    </event>
    <event>
       <key><shiftstate></shiftstate><vkey>K_B</vkey></key>
       <postcontext><text>ওঁ ₹ ࿕ ❀ ☸ ঽ ৺ ঀ ◌৾ ৲ ৻ ৳ ৰ ॑ ᳚ ᳛ ॑ ॒ ৼ ᳶ ্ ৽ । ॥ … – — ঌ ঌ ৡ ঋ ঋ ৠ ৗ ঃ ং ঁ ব ব বো বো ব্</text></postcontext>
    </event>
    <event>
       <key><shiftstate><shift/></shiftstate><vkey>K_O</vkey></key>
       <postcontext><text>ওঁ ₹ ࿕ ❀ ☸ ঽ ৺ ঀ ◌৾ ৲ ৻ ৳ ৰ ॑ ᳚ ᳛ ॑ ॒ ৼ ᳶ ্ ৽ । ॥ … – — ঌ ঌ ৡ ঋ ঋ ৠ ৗ ঃ ং ঁ ব ব বো বো বৗ</text></postcontext>
    </event>
    <event>
       <key><shiftstate></shiftstate><vkey>K_SPACE</vkey></key>
       <postcontext><text>ওঁ ₹ ࿕ ❀ ☸ ঽ ৺ ঀ ◌৾ ৲ ৻ ৳ ৰ ॑ ᳚ ᳛ ॑ ॒ ৼ ᳶ ্ ৽ । ॥ … – — ঌ ঌ ৡ ঋ ঋ ৠ ৗ ঃ ং ঁ ব ব বো বো বৗ </text></postcontext>
    </event>
    <event>
       <key><shiftstate></shiftstate><vkey>K_B</vkey></key>
       <postcontext><text>ওঁ ₹ ࿕ ❀ ☸ ঽ ৺ ঀ ◌৾ ৲ ৻ ৳ ৰ ॑ ᳚ ᳛ ॑ ॒ ৼ ᳶ ্ ৽ । ॥ … – — ঌ ঌ ৡ ঋ ঋ ৠ ৗ ঃ ং ঁ ব ব বো বো বৗ ব্</text></postcontext>
    </event>
    <event>
       <key><shiftstate><shift/></shiftstate><vkey>K_O</vkey></key>
       <postcontext><text>ওঁ ₹ ࿕ ❀ ☸ ঽ ৺ ঀ ◌৾ ৲ ৻ ৳ ৰ ॑ ᳚ ᳛ ॑ ॒ ৼ ᳶ ্ ৽ । ॥ … – — ঌ ঌ ৡ ঋ ঋ ৠ ৗ ঃ ং ঁ ব ব বো বো বৗ বৗ</text></postcontext>
    </event>
    <event>
       <key><shiftstate></shiftstate><vkey>K_SPACE</vkey></key>
       <postcontext><text>ওঁ ₹ ࿕ ❀ ☸ ঽ ৺ ঀ ◌৾ ৲ ৻ ৳ ৰ ॑ ᳚ ᳛ ॑ ॒ ৼ ᳶ ্ ৽ । ॥ … – — ঌ ঌ ৡ ঋ ঋ ৠ ৗ ঃ ং ঁ ব ব বো বো বৗ বৗ </text></postcontext>
    </event>
    <event>
       <key><shiftstate></shiftstate><vkey>K_Q</vkey></key>
       <postcontext><text>ওঁ ₹ ࿕ ❀ ☸ ঽ ৺ ঀ ◌৾ ৲ ৻ ৳ ৰ ॑ ᳚ ᳛ ॑ ॒ ৼ ᳶ ্ ৽ । ॥ … – — ঌ ঌ ৡ ঋ ঋ ৠ ৗ ঃ ং ঁ ব ব বো বো বৗ বৗ ৰ্</text></postcontext>
    </event>
    <event>
       <key><shiftstate></shiftstate><vkey>K_O</vkey></key>
       <postcontext><text>ওঁ ₹ ࿕ ❀ ☸ ঽ ৺ ঀ ◌৾ ৲ ৻ ৳ ৰ ॑ ᳚ ᳛ ॑ ॒ ৼ ᳶ ্ ৽ । ॥ … – — ঌ ঌ ৡ ঋ ঋ ৠ ৗ ঃ ং ঁ ব ব বো বো বৗ বৗ ৰো</text></postcontext>
    </event>
    <event>
       <key><shiftstate></shiftstate><vkey>K_SPACE</vkey></key>
       <postcontext><text>ওঁ ₹ ࿕ ❀ ☸ ঽ ৺ ঀ ◌৾ ৲ ৻ ৳ ৰ ॑ ᳚ ᳛ ॑ ॒ ৼ ᳶ ্ ৽ । ॥ … – — ঌ ঌ ৡ ঋ ঋ ৠ ৗ ঃ ং ঁ ব ব বো বো বৗ বৗ ৰো </text></postcontext>
    </event>
    <event>
       <key><shiftstate></shiftstate><vkey>K_Q</vkey></key>
       <postcontext><text>ওঁ ₹ ࿕ ❀ ☸ ঽ ৺ ঀ ◌৾ ৲ ৻ ৳ ৰ ॑ ᳚ ᳛ ॑ ॒ ৼ ᳶ ্ ৽ । ॥ … – — ঌ ঌ ৡ ঋ ঋ ৠ ৗ ঃ ং ঁ ব ব বো বো বৗ বৗ ৰো ৰ্</text></postcontext>
    </event>
    <event>
       <key><shiftstate><shift/></shiftstate><vkey>K_O</vkey></key>
       <postcontext><text>ওঁ ₹ ࿕ ❀ ☸ ঽ ৺ ঀ ◌৾ ৲ ৻ ৳ ৰ ॑ ᳚ ᳛ ॑ ॒ ৼ ᳶ ্ ৽ । ॥ … – — ঌ ঌ ৡ ঋ ঋ ৠ ৗ ঃ ং ঁ ব ব বো বো বৗ বৗ ৰো ৰৗ</text></postcontext>
    </event>
    <event>
       <key><shiftstate></shiftstate><vkey>K_SPACE</vkey></key>
       <postcontext><text>ওঁ ₹ ࿕ ❀ ☸ ঽ ৺ ঀ ◌৾ ৲ ৻ ৳ ৰ ॑ ᳚ ᳛ ॑ ॒ ৼ ᳶ ্ ৽ । ॥ … – — ঌ ঌ ৡ ঋ ঋ ৠ ৗ ঃ ং ঁ ব ব বো বো বৗ বৗ ৰো ৰৗ </text></postcontext>
    </event>
    <event>
       <key><shiftstate></shiftstate><vkey>K_W</vkey></key>
       <postcontext><text>ওঁ ₹ ࿕ ❀ ☸ ঽ ৺ ঀ ◌৾ ৲ ৻ ৳ ৰ ॑ ᳚ ᳛ ॑ ॒ ৼ ᳶ ্ ৽ । ॥ … – — ঌ ঌ ৡ ঋ ঋ ৠ ৗ ঃ ং ঁ ব ব বো বো বৗ বৗ ৰো ৰৗ ৱ্</text></postcontext>
    </event>
    <event>
       <key><shiftstate></shiftstate><vkey>K_O</vkey></key>
       <postcontext><text>ওঁ ₹ ࿕ ❀ ☸ ঽ ৺ ঀ ◌৾ ৲ ৻ ৳ ৰ ॑ ᳚ ᳛ ॑ ॒ ৼ ᳶ ্ ৽ । ॥ … – — ঌ ঌ ৡ ঋ ঋ ৠ ৗ ঃ ং ঁ ব ব বো বো বৗ বৗ ৰো ৰৗ ৱো</text></postcontext>
    </event>
    <event>
       <key><shiftstate></shiftstate><vkey>K_SPACE</vkey></key>
       <postcontext><text>ওঁ ₹ ࿕ ❀ ☸ ঽ ৺ ঀ ◌৾ ৲ ৻ ৳ ৰ ॑ ᳚ ᳛ ॑ ॒ ৼ ᳶ ্ ৽ । ॥ … – — ঌ ঌ ৡ ঋ ঋ ৠ ৗ ঃ ং ঁ ব ব বো বো বৗ বৗ ৰো ৰৗ ৱো </text></postcontext>
    </event>
    <event>
       <key><shiftstate></shiftstate><vkey>K_W</vkey></key>
       <postcontext><text>ওঁ ₹ ࿕ ❀ ☸ ঽ ৺ ঀ ◌৾ ৲ ৻ ৳ ৰ ॑ ᳚ ᳛ ॑ ॒ ৼ ᳶ ্ ৽ । ॥ … – — ঌ ঌ ৡ ঋ ঋ ৠ ৗ ঃ ং ঁ ব ব বো বো বৗ বৗ ৰো ৰৗ ৱো ৱ্</text></postcontext>
    </event>
    <event>
       <key><shiftstate><shift/></shiftstate><vkey>K_O</vkey></key>
       <postcontext><text>ওঁ ₹ ࿕ ❀ ☸ ঽ ৺ ঀ ◌৾ ৲ ৻ ৳ ৰ ॑ ᳚ ᳛ ॑ ॒ ৼ ᳶ ্ ৽ । ॥ … – — ঌ ঌ ৡ ঋ ঋ ৠ ৗ ঃ ং ঁ ব ব বো বো বৗ বৗ ৰো ৰৗ ৱো ৱৗ</text></postcontext>
    </event>
    <event>
       <key><shiftstate></shiftstate><vkey>K_SPACE</vkey></key>
       <postcontext><text>ওঁ ₹ ࿕ ❀ ☸ ঽ ৺ ঀ ◌৾ ৲ ৻ ৳ ৰ ॑ ᳚ ᳛ ॑ ॒ ৼ ᳶ ্ ৽ । ॥ … – — ঌ ঌ ৡ ঋ ঋ ৠ ৗ ঃ ং ঁ ব ব বো বো বৗ বৗ ৰো ৰৗ ৱো ৱৗ </text></postcontext>
    </event>
    <event>
       <key><shiftstate></shiftstate><vkey>K_K</vkey></key>
       <postcontext><text>ওঁ ₹ ࿕ ❀ ☸ ঽ ৺ ঀ ◌৾ ৲ ৻ ৳ ৰ ॑ ᳚ ᳛ ॑ ॒ ৼ ᳶ ্ ৽ । ॥ … – — ঌ ঌ ৡ ঋ ঋ ৠ ৗ ঃ ং ঁ ব ব বো বো বৗ বৗ ৰো ৰৗ ৱো ৱৗ ক্</text></postcontext>
    </event>
    <event>
       <key><shiftstate></shiftstate><vkey>K_Z</vkey></key>
       <postcontext><text>ওঁ ₹ ࿕ ❀ ☸ ঽ ৺ ঀ ◌৾ ৲ ৻ ৳ ৰ ॑ ᳚ ᳛ ॑ ॒ ৼ ᳶ ্ ৽ । ॥ … – — ঌ ঌ ৡ ঋ ঋ ৠ ৗ ঃ ং ঁ ব ব বো বো বৗ বৗ ৰো ৰৗ ৱো ৱৗ ক্ৎ</text></postcontext>
    </event>
    <event>
       <key><shiftstate></shiftstate><vkey>K_SPACE</vkey></key>
       <postcontext><text>ওঁ ₹ ࿕ ❀ ☸ ঽ ৺ ঀ ◌৾ ৲ ৻ ৳ ৰ ॑ ᳚ ᳛ ॑ ॒ ৼ ᳶ ্ ৽ । ॥ … – — ঌ ঌ ৡ ঋ ঋ ৠ ৗ ঃ ং ঁ ব ব বো বো বৗ বৗ ৰো ৰৗ ৱো ৱৗ ক্ৎ </text></postcontext>
    </event>
    <event>
       <key><shiftstate></shiftstate><vkey>K_K</vkey></key>
       <postcontext><text>ওঁ ₹ ࿕ ❀ ☸ ঽ ৺ ঀ ◌৾ ৲ ৻ ৳ ৰ ॑ ᳚ ᳛ ॑ ॒ ৼ ᳶ ্ ৽ । ॥ … – — ঌ ঌ ৡ ঋ ঋ ৠ ৗ ঃ ং ঁ ব ব বো বো বৗ বৗ ৰো ৰৗ ৱো ৱৗ ক্ৎ ক্</text></postcontext>
    </event>
    <event>
       <key><shiftstate></shiftstate><vkey>K_T</vkey></key>
       <postcontext><text>ওঁ ₹ ࿕ ❀ ☸ ঽ ৺ ঀ ◌৾ ৲ ৻ ৳ ৰ ॑ ᳚ ᳛ ॑ ॒ ৼ ᳶ ্ ৽ । ॥ … – — ঌ ঌ ৡ ঋ ঋ ৠ ৗ ঃ ং ঁ ব ব বো বো বৗ বৗ ৰো ৰৗ ৱো ৱৗ ক্ৎ ক্ত্</text></postcontext>
    </event>
    <event>
       <key><shiftstate></shiftstate><vkey>K_SPACE</vkey></key>
       <postcontext><text>ওঁ ₹ ࿕ ❀ ☸ ঽ ৺ ঀ ◌৾ ৲ ৻ ৳ ৰ ॑ ᳚ ᳛ ॑ ॒ ৼ ᳶ ্ ৽ । ॥ … – — ঌ ঌ ৡ ঋ ঋ ৠ ৗ ঃ ং ঁ ব ব বো বো বৗ বৗ ৰো ৰৗ ৱো ৱৗ ক্ৎ ক্ত </text></postcontext>
    </event>
    <event>
       <key><shiftstate></shiftstate><vkey>K_K</vkey></key>
       <postcontext><text>ওঁ ₹ ࿕ ❀ ☸ ঽ ৺ ঀ ◌৾ ৲ ৻ ৳ ৰ ॑ ᳚ ᳛ ॑ ॒ ৼ ᳶ ্ ৽ । ॥ … – — ঌ ঌ ৡ ঋ ঋ ৠ ৗ ঃ ং ঁ ব ব বো বো বৗ বৗ ৰো ৰৗ ৱো ৱৗ ক্ৎ ক্ত ক্</text></postcontext>
    </event>
    <event>
       <key><shiftstate></shiftstate><vkey>K_T</vkey></key>
       <postcontext><text>ওঁ ₹ ࿕ ❀ ☸ ঽ ৺ ঀ ◌৾ ৲ ৻ ৳ ৰ ॑ ᳚ ᳛ ॑ ॒ ৼ ᳶ ্ ৽ । ॥ … – — ঌ ঌ ৡ ঋ ঋ ৠ ৗ ঃ ং ঁ ব ব বো বো বৗ বৗ ৰো ৰৗ ৱো ৱৗ ক্ৎ ক্ত ক্ত্</text></postcontext>
    </event>
    <event>
       <key><shiftstate></shiftstate><vkey>K_SPACE</vkey></key>
       <postcontext><text>ওঁ ₹ ࿕ ❀ ☸ ঽ ৺ ঀ ◌৾ ৲ ৻ ৳ ৰ ॑ ᳚ ᳛ ॑ ॒ ৼ ᳶ ্ ৽ । ॥ … – — ঌ ঌ ৡ ঋ ঋ ৠ ৗ ঃ ং ঁ ব ব বো বো বৗ বৗ ৰো ৰৗ ৱো ৱৗ ক্ৎ ক্ত ক্ত </text></postcontext>
    </event>
    <event>
       <key><shiftstate><shift/></shiftstate><vkey>K_BKQUOTE</vkey></key>
       <postcontext><text>ওঁ ₹ ࿕ ❀ ☸ ঽ ৺ ঀ ◌৾ ৲ ৻ ৳ ৰ ॑ ᳚ ᳛ ॑ ॒ ৼ ᳶ ্ ৽ । ॥ … – — ঌ ঌ ৡ ঋ ঋ ৠ ৗ ঃ ং ঁ ব ব বো বো বৗ বৗ ৰো ৰৗ ৱো ৱৗ ক্ৎ ক্ত ক্ত ~</text></postcontext>
    </event>
    <event>
       <key><shiftstate></shiftstate><vkey>K_N</vkey></key>
       <postcontext><text>ওঁ ₹ ࿕ ❀ ☸ ঽ ৺ ঀ ◌৾ ৲ ৻ ৳ ৰ ॑ ᳚ ᳛ ॑ ॒ ৼ ᳶ ্ ৽ । ॥ … – — ঌ ঌ ৡ ঋ ঋ ৠ ৗ ঃ ং ঁ ব ব বো বো বৗ বৗ ৰো ৰৗ ৱো ৱৗ ক্ৎ ক্ত ক্ত ঞ্</text></postcontext>
    </event>
    <event>
       <key><shiftstate></shiftstate><vkey>K_SPACE</vkey></key>
       <postcontext><text>ওঁ ₹ ࿕ ❀ ☸ ঽ ৺ ঀ ◌৾ ৲ ৻ ৳ ৰ ॑ ᳚ ᳛ ॑ ॒ ৼ ᳶ ্ ৽ । ॥ … – — ঌ ঌ ৡ ঋ ঋ ৠ ৗ ঃ ং ঁ ব ব বো বো বৗ বৗ ৰো ৰৗ ৱো ৱৗ ক্ৎ ক্ত ক্ত ঞ </text></postcontext>
    </event>
    <event>
       <key><shiftstate></shiftstate><vkey>K_BKQUOTE</vkey></key>
       <postcontext><text>ওঁ ₹ ࿕ ❀ ☸ ঽ ৺ ঀ ◌৾ ৲ ৻ ৳ ৰ ॑ ᳚ ᳛ ॑ ॒ ৼ ᳶ ্ ৽ । ॥ … – — ঌ ঌ ৡ ঋ ঋ ৠ ৗ ঃ ং ঁ ব ব বো বো বৗ বৗ ৰো ৰৗ ৱো ৱৗ ক্ৎ ক্ত ক্ত ঞ `</text></postcontext>
    </event>
    <event>
       <key><shiftstate><shift/></shiftstate><vkey>K_N</vkey></key>
       <postcontext><text>ওঁ ₹ ࿕ ❀ ☸ ঽ ৺ ঀ ◌৾ ৲ ৻ ৳ ৰ ॑ ᳚ ᳛ ॑ ॒ ৼ ᳶ ্ ৽ । ॥ … – — ঌ ঌ ৡ ঋ ঋ ৠ ৗ ঃ ং ঁ ব ব বো বো বৗ বৗ ৰো ৰৗ ৱো ৱৗ ক্ৎ ক্ত ক্ত ঞ `ণ্</text></postcontext>
    </event>
    <event>
       <key><shiftstate></shiftstate><vkey>K_SPACE</vkey></key>
       <postcontext><text>ওঁ ₹ ࿕ ❀ ☸ ঽ ৺ ঀ ◌৾ ৲ ৻ ৳ ৰ ॑ ᳚ ᳛ ॑ ॒ ৼ ᳶ ্ ৽ । ॥ … – — ঌ ঌ ৡ ঋ ঋ ৠ ৗ ঃ ং ঁ ব ব বো বো বৗ বৗ ৰো ৰৗ ৱো ৱৗ ক্ৎ ক্ত ক্ত ঞ `ণ </text></postcontext>
    </event>
    <event>
       <key><shiftstate><shift/></shiftstate><vkey>K_BKQUOTE</vkey></key>
       <postcontext><text>ওঁ ₹ ࿕ ❀ ☸ ঽ ৺ ঀ ◌৾ ৲ ৻ ৳ ৰ ॑ ᳚ ᳛ ॑ ॒ ৼ ᳶ ্ ৽ । ॥ … – — ঌ ঌ ৡ ঋ ঋ ৠ ৗ ঃ ং ঁ ব ব বো বো বৗ বৗ ৰো ৰৗ ৱো ৱৗ ক্ৎ ক্ত ক্ত ঞ `ণ ~</text></postcontext>
    </event>
    <event>
       <key><shiftstate><shift/></shiftstate><vkey>K_N</vkey></key>
       <postcontext><text>ওঁ ₹ ࿕ ❀ ☸ ঽ ৺ ঀ ◌৾ ৲ ৻ ৳ ৰ ॑ ᳚ ᳛ ॑ ॒ ৼ ᳶ ্ ৽ । ॥ … – — ঌ ঌ ৡ ঋ ঋ ৠ ৗ ঃ ং ঁ ব ব বো বো বৗ বৗ ৰো ৰৗ ৱো ৱৗ ক্ৎ ক্ত ক্ত ঞ `ণ ঙ্</text></postcontext>
    </event>
    <event>
       <key><shiftstate></shiftstate><vkey>K_SPACE</vkey></key>
       <postcontext><text>ওঁ ₹ ࿕ ❀ ☸ ঽ ৺ ঀ ◌৾ ৲ ৻ ৳ ৰ ॑ ᳚ ᳛ ॑ ॒ ৼ ᳶ ্ ৽ । ॥ … – — ঌ ঌ ৡ ঋ ঋ ৠ ৗ ঃ ং ঁ ব ব বো বো বৗ বৗ ৰো ৰৗ ৱো ৱৗ ক্ৎ ক্ত ক্ত ঞ `ণ ঙ </text></postcontext>
    </event>
    <event>
       <key><shiftstate></shiftstate><vkey>K_PERIOD</vkey></key>
       <postcontext><text>ওঁ ₹ ࿕ ❀ ☸ ঽ ৺ ঀ ◌৾ ৲ ৻ ৳ ৰ ॑ ᳚ ᳛ ॑ ॒ ৼ ᳶ ্ ৽ । ॥ … – — ঌ ঌ ৡ ঋ ঋ ৠ ৗ ঃ ং ঁ ব ব বো বো বৗ বৗ ৰো ৰৗ ৱো ৱৗ ক্ৎ ক্ত ক্ত ঞ `ণ ঙ .</text></postcontext>
    </event>
    <event>
       <key><shiftstate></shiftstate><vkey>K_Y</vkey></key>
       <postcontext><text>ওঁ ₹ ࿕ ❀ ☸ ঽ ৺ ঀ ◌৾ ৲ ৻ ৳ ৰ ॑ ᳚ ᳛ ॑ ॒ ৼ ᳶ ্ ৽ । ॥ … – — ঌ ঌ ৡ ঋ ঋ ৠ ৗ ঃ ং ঁ ব ব বো বো বৗ বৗ ৰো ৰৗ ৱো ৱৗ ক্ৎ ক্ত ক্ত ঞ `ণ ঙ য়্</text></postcontext>
    </event>
    <event>
       <key><shiftstate></shiftstate><vkey>K_SPACE</vkey></key>
       <postcontext><text>ওঁ ₹ ࿕ ❀ ☸ ঽ ৺ ঀ ◌৾ ৲ ৻ ৳ ৰ ॑ ᳚ ᳛ ॑ ॒ ৼ ᳶ ্ ৽ । ॥ … – — ঌ ঌ ৡ ঋ ঋ ৠ ৗ ঃ ং ঁ ব ব বো বো বৗ বৗ ৰো ৰৗ ৱো ৱৗ ক্ৎ ক্ত ক্ত ঞ `ণ ঙ য় </text></postcontext>
    </event>
    <event>
       <key><shiftstate></shiftstate><vkey>K_PERIOD</vkey></key>
       <postcontext><text>ওঁ ₹ ࿕ ❀ ☸ ঽ ৺ ঀ ◌৾ ৲ ৻ ৳ ৰ ॑ ᳚ ᳛ ॑ ॒ ৼ ᳶ ্ ৽ । ॥ … – — ঌ ঌ ৡ ঋ ঋ ৠ ৗ ঃ ং ঁ ব ব বো বো বৗ বৗ ৰো ৰৗ ৱো ৱৗ ক্ৎ ক্ত ক্ত ঞ `ণ ঙ য় .</text></postcontext>
    </event>
    <event>
       <key><shiftstate></shiftstate><vkey>K_Y</vkey></key>
       <postcontext><text>ওঁ ₹ ࿕ ❀ ☸ ঽ ৺ ঀ ◌৾ ৲ ৻ ৳ ৰ ॑ ᳚ ᳛ ॑ ॒ ৼ ᳶ ্ ৽ । ॥ … – — ঌ ঌ ৡ ঋ ঋ ৠ ৗ ঃ ং ঁ ব ব বো বো বৗ বৗ ৰো ৰৗ ৱো ৱৗ ক্ৎ ক্ত ক্ত ঞ `ণ ঙ য় য়্</text></postcontext>
    </event>
    <event>
       <key><shiftstate></shiftstate><vkey>K_O</vkey></key>
       <postcontext><text>ওঁ ₹ ࿕ ❀ ☸ ঽ ৺ ঀ ◌৾ ৲ ৻ ৳ ৰ ॑ ᳚ ᳛ ॑ ॒ ৼ ᳶ ্ ৽ । ॥ … – — ঌ ঌ ৡ ঋ ঋ ৠ ৗ ঃ ং ঁ ব ব বো বো বৗ বৗ ৰো ৰৗ ৱো ৱৗ ক্ৎ ক্ত ক্ত ঞ `ণ ঙ য় য়ো</text></postcontext>
    </event>
    <event>
       <key><shiftstate></shiftstate><vkey>K_SPACE</vkey></key>
       <postcontext><text>ওঁ ₹ ࿕ ❀ ☸ ঽ ৺ ঀ ◌৾ ৲ ৻ ৳ ৰ ॑ ᳚ ᳛ ॑ ॒ ৼ ᳶ ্ ৽ । ॥ … – — ঌ ঌ ৡ ঋ ঋ ৠ ৗ ঃ ং ঁ ব ব বো বো বৗ বৗ ৰো ৰৗ ৱো ৱৗ ক্ৎ ক্ত ক্ত ঞ `ণ ঙ য় য়ো </text></postcontext>
    </event>
    <event>
       <key><shiftstate></shiftstate><vkey>K_PERIOD</vkey></key>
       <postcontext><text>ওঁ ₹ ࿕ ❀ ☸ ঽ ৺ ঀ ◌৾ ৲ ৻ ৳ ৰ ॑ ᳚ ᳛ ॑ ॒ ৼ ᳶ ্ ৽ । ॥ … – — ঌ ঌ ৡ ঋ ঋ ৠ ৗ ঃ ং ঁ ব ব বো বো বৗ বৗ ৰো ৰৗ ৱো ৱৗ ক্ৎ ক্ত ক্ত ঞ `ণ ঙ য় য়ো .</text></postcontext>
    </event>
    <event>
       <key><shiftstate></shiftstate><vkey>K_Y</vkey></key>
       <postcontext><text>ওঁ ₹ ࿕ ❀ ☸ ঽ ৺ ঀ ◌৾ ৲ ৻ ৳ ৰ ॑ ᳚ ᳛ ॑ ॒ ৼ ᳶ ্ ৽ । ॥ … – — ঌ ঌ ৡ ঋ ঋ ৠ ৗ ঃ ং ঁ ব ব বো বো বৗ বৗ ৰো ৰৗ ৱো ৱৗ ক্ৎ ক্ত ক্ত ঞ `ণ ঙ য় য়ো য়্</text></postcontext>
    </event>
    <event>
       <key><shiftstate><shift/></shiftstate><vkey>K_O</vkey></key>
       <postcontext><text>ওঁ ₹ ࿕ ❀ ☸ ঽ ৺ ঀ ◌৾ ৲ ৻ ৳ ৰ ॑ ᳚ ᳛ ॑ ॒ ৼ ᳶ ্ ৽ । ॥ … – — ঌ ঌ ৡ ঋ ঋ ৠ ৗ ঃ ং ঁ ব ব বো বো বৗ বৗ ৰো ৰৗ ৱো ৱৗ ক্ৎ ক্ত ক্ত ঞ `ণ ঙ য় য়ো য়ৗ</text></postcontext>
    </event>
    <event>
       <key><shiftstate></shiftstate><vkey>K_SPACE</vkey></key>
       <postcontext><text>ওঁ ₹ ࿕ ❀ ☸ ঽ ৺ ঀ ◌৾ ৲ ৻ ৳ ৰ ॑ ᳚ ᳛ ॑ ॒ ৼ ᳶ ্ ৽ । ॥ … – — ঌ ঌ ৡ ঋ ঋ ৠ ৗ ঃ ং ঁ ব ব বো বো বৗ বৗ ৰো ৰৗ ৱো ৱৗ ক্ৎ ক্ত ক্ত ঞ `ণ ঙ য় য়ো য়ৗ </text></postcontext>
    </event>
    <event>
       <key><shiftstate></shiftstate><vkey>K_PERIOD</vkey></key>
       <postcontext><text>ওঁ ₹ ࿕ ❀ ☸ ঽ ৺ ঀ ◌৾ ৲ ৻ ৳ ৰ ॑ ᳚ ᳛ ॑ ॒ ৼ ᳶ ্ ৽ । ॥ … – — ঌ ঌ ৡ ঋ ঋ ৠ ৗ ঃ ং ঁ ব ব বো বো বৗ বৗ ৰো ৰৗ ৱো ৱৗ ক্ৎ ক্ত ক্ত ঞ `ণ ঙ য় য়ো য়ৗ .</text></postcontext>
    </event>
    <event>
       <key><shiftstate><shift/></shiftstate><vkey>K_D</vkey></key>
       <postcontext><text>ওঁ ₹ ࿕ ❀ ☸ ঽ ৺ ঀ ◌৾ ৲ ৻ ৳ ৰ ॑ ᳚ ᳛ ॑ ॒ ৼ ᳶ ্ ৽ । ॥ … – — ঌ ঌ ৡ ঋ ঋ ৠ ৗ ঃ ং ঁ ব ব বো বো বৗ বৗ ৰো ৰৗ ৱো ৱৗ ক্ৎ ক্ত ক্ত ঞ `ণ ঙ য় য়ো য়ৗ ড়্</text></postcontext>
    </event>
    <event>
       <key><shiftstate></shiftstate><vkey>K_SPACE</vkey></key>
       <postcontext><text>ওঁ ₹ ࿕ ❀ ☸ ঽ ৺ ঀ ◌৾ ৲ ৻ ৳ ৰ ॑ ᳚ ᳛ ॑ ॒ ৼ ᳶ ্ ৽ । ॥ … – — ঌ ঌ ৡ ঋ ঋ ৠ ৗ ঃ ং ঁ ব ব বো বো বৗ বৗ ৰো ৰৗ ৱো ৱৗ ক্ৎ ক্ত ক্ত ঞ `ণ ঙ য় য়ো য়ৗ ড় </text></postcontext>
    </event>
    <event>
       <key><shiftstate></shiftstate><vkey>K_PERIOD</vkey></key>
       <postcontext><text>ওঁ ₹ ࿕ ❀ ☸ ঽ ৺ ঀ ◌৾ ৲ ৻ ৳ ৰ ॑ ᳚ ᳛ ॑ ॒ ৼ ᳶ ্ ৽ । ॥ … – — ঌ ঌ ৡ ঋ ঋ ৠ ৗ ঃ ং ঁ ব ব বো বো বৗ বৗ ৰো ৰৗ ৱো ৱৗ ক্ৎ ক্ত ক্ত ঞ `ণ ঙ য় য়ো য়ৗ ড় .</text></postcontext>
    </event>
    <event>
       <key><shiftstate><shift/></shiftstate><vkey>K_D</vkey></key>
       <postcontext><text>ওঁ ₹ ࿕ ❀ ☸ ঽ ৺ ঀ ◌৾ ৲ ৻ ৳ ৰ ॑ ᳚ ᳛ ॑ ॒ ৼ ᳶ ্ ৽ । ॥ … – — ঌ ঌ ৡ ঋ ঋ ৠ ৗ ঃ ং ঁ ব ব বো বো বৗ বৗ ৰো ৰৗ ৱো ৱৗ ক্ৎ ক্ত ক্ত ঞ `ণ ঙ য় য়ো য়ৗ ড় ড়্</text></postcontext>
    </event>
    <event>
       <key><shiftstate></shiftstate><vkey>K_O</vkey></key>
       <postcontext><text>ওঁ ₹ ࿕ ❀ ☸ ঽ ৺ ঀ ◌৾ ৲ ৻ ৳ ৰ ॑ ᳚ ᳛ ॑ ॒ ৼ ᳶ ্ ৽ । ॥ … – — ঌ ঌ ৡ ঋ ঋ ৠ ৗ ঃ ং ঁ ব ব বো বো বৗ বৗ ৰো ৰৗ ৱো ৱৗ ক্ৎ ক্ত ক্ত ঞ `ণ ঙ য় য়ো য়ৗ ড় ড়ো</text></postcontext>
    </event>
    <event>
       <key><shiftstate></shiftstate><vkey>K_SPACE</vkey></key>
       <postcontext><text>ওঁ ₹ ࿕ ❀ ☸ ঽ ৺ ঀ ◌৾ ৲ ৻ ৳ ৰ ॑ ᳚ ᳛ ॑ ॒ ৼ ᳶ ্ ৽ । ॥ … – — ঌ ঌ ৡ ঋ ঋ ৠ ৗ ঃ ং ঁ ব ব বো বো বৗ বৗ ৰো ৰৗ ৱো ৱৗ ক্ৎ ক্ত ক্ত ঞ `ণ ঙ য় য়ো য়ৗ ড় ড়ো </text></postcontext>
    </event>
    <event>
       <key><shiftstate></shiftstate><vkey>K_PERIOD</vkey></key>
       <postcontext><text>ওঁ ₹ ࿕ ❀ ☸ ঽ ৺ ঀ ◌৾ ৲ ৻ ৳ ৰ ॑ ᳚ ᳛ ॑ ॒ ৼ ᳶ ্ ৽ । ॥ … – — ঌ ঌ ৡ ঋ ঋ ৠ ৗ ঃ ং ঁ ব ব বো বো বৗ বৗ ৰো ৰৗ ৱো ৱৗ ক্ৎ ক্ত ক্ত ঞ `ণ ঙ য় য়ো য়ৗ ড় ড়ো .</text></postcontext>
    </event>
    <event>
       <key><shiftstate><shift/></shiftstate><vkey>K_D</vkey></key>
       <postcontext><text>ওঁ ₹ ࿕ ❀ ☸ ঽ ৺ ঀ ◌৾ ৲ ৻ ৳ ৰ ॑ ᳚ ᳛ ॑ ॒ ৼ ᳶ ্ ৽ । ॥ … – — ঌ ঌ ৡ ঋ ঋ ৠ ৗ ঃ ং ঁ ব ব বো বো বৗ বৗ ৰো ৰৗ ৱো ৱৗ ক্ৎ ক্ত ক্ত ঞ `ণ ঙ য় য়ো য়ৗ ড় ড়ো ড়্</text></postcontext>
    </event>
    <event>
       <key><shiftstate><shift/></shiftstate><vkey>K_O</vkey></key>
       <postcontext><text>ওঁ ₹ ࿕ ❀ ☸ ঽ ৺ ঀ ◌৾ ৲ ৻ ৳ ৰ ॑ ᳚ ᳛ ॑ ॒ ৼ ᳶ ্ ৽ । ॥ … – — ঌ ঌ ৡ ঋ ঋ ৠ ৗ ঃ ং ঁ ব ব বো বো বৗ বৗ ৰো ৰৗ ৱো ৱৗ ক্ৎ ক্ত ক্ত ঞ `ণ ঙ য় য়ো য়ৗ ড় ড়ো ড়ৗ</text></postcontext>
    </event>
    <event>
       <key><shiftstate></shiftstate><vkey>K_SPACE</vkey></key>
       <postcontext><text>ওঁ ₹ ࿕ ❀ ☸ ঽ ৺ ঀ ◌৾ ৲ ৻ ৳ ৰ ॑ ᳚ ᳛ ॑ ॒ ৼ ᳶ ্ ৽ । ॥ … – — ঌ ঌ ৡ ঋ ঋ ৠ ৗ ঃ ং ঁ ব ব বো বো বৗ বৗ ৰো ৰৗ ৱো ৱৗ ক্ৎ ক্ত ক্ত ঞ `ণ ঙ য় য়ো য়ৗ ড় ড়ো ড়ৗ </text></postcontext>
    </event>
    <event>
       <key><shiftstate></shiftstate><vkey>K_PERIOD</vkey></key>
       <postcontext><text>ওঁ ₹ ࿕ ❀ ☸ ঽ ৺ ঀ ◌৾ ৲ ৻ ৳ ৰ ॑ ᳚ ᳛ ॑ ॒ ৼ ᳶ ্ ৽ । ॥ … – — ঌ ঌ ৡ ঋ ঋ ৠ ৗ ঃ ং ঁ ব ব বো বো বৗ বৗ ৰো ৰৗ ৱো ৱৗ ক্ৎ ক্ত ক্ত ঞ `ণ ঙ য় য়ো য়ৗ ড় ড়ো ড়ৗ .</text></postcontext>
    </event>
    <event>
       <key><shiftstate><shift/></shiftstate><vkey>K_D</vkey></key>
       <postcontext><text>ওঁ ₹ ࿕ ❀ ☸ ঽ ৺ ঀ ◌৾ ৲ ৻ ৳ ৰ ॑ ᳚ ᳛ ॑ ॒ ৼ ᳶ ্ ৽ । ॥ … – — ঌ ঌ ৡ ঋ ঋ ৠ ৗ ঃ ং ঁ ব ব বো বো বৗ বৗ ৰো ৰৗ ৱো ৱৗ ক্ৎ ক্ত ক্ত ঞ `ণ ঙ য় য়ো য়ৗ ড় ড়ো ড়ৗ ড়্</text></postcontext>
    </event>
  </events></regressiontest>
