<?xml version="1.0" encoding="UTF-8"?>
<!DOCTYPE regressiontest SYSTEM "http://www.tavultesoft.com/keymandev/regtest.dtd">
<regressiontest>
  <info>
    <version>6.0</version>
    <systemkeyboard>00000409</systemkeyboard>
    <keyboard>C:\Users\User\shree\keyboards\release\itrans\itrans_bengali\build\itrans_bengali.kmx</keyboard>
    <beginmode>Unicode</beginmode>
  </info>
  <events>
    <event>
       <key><shiftstate></shiftstate><vkey>K_T</vkey></key>
       <postcontext><text>ত্</text></postcontext>
    </event>
    <event>
       <key><shiftstate></shiftstate><vkey>K_A</vkey></key>
       <postcontext><text>ত</text></postcontext>
    </event>
    <event>
       <key><shiftstate></shiftstate><vkey>K_T</vkey></key>
       <postcontext><text>তত্</text></postcontext>
    </event>
    <event>
       <key><shiftstate></shiftstate><vkey>K_SPACE</vkey></key>
       <postcontext><text>তত </text></postcontext>
    </event>
    <event>
       <key><shiftstate></shiftstate><vkey>K_S</vkey></key>
       <postcontext><text>তত স্</text></postcontext>
    </event>
    <event>
       <key><shiftstate></shiftstate><vkey>K_A</vkey></key>
       <postcontext><text>তত স</text></postcontext>
    </event>
    <event>
       <key><shiftstate></shiftstate><vkey>K_T</vkey></key>
       <postcontext><text>তত সত্</text></postcontext>
    </event>
    <event>
       <key><shiftstate></shiftstate><vkey>K_SPACE</vkey></key>
       <postcontext><text>তত সত </text></postcontext>
    </event>
    <event>
       <key><shiftstate></shiftstate><vkey>K_T</vkey></key>
       <postcontext><text>তত সত ত্</text></postcontext>
    </event>
    <event>
       <key><shiftstate></shiftstate><vkey>K_A</vkey></key>
       <postcontext><text>তত সত ত</text></postcontext>
    </event>
    <event>
       <key><shiftstate></shiftstate><vkey>K_T</vkey></key>
       <postcontext><text>তত সত তত্</text></postcontext>
    </event>
    <event>
       <key><shiftstate><shift/></shiftstate><vkey>K_6</vkey></key>
       <postcontext><text>তত সত তত্‌</text></postcontext>
    </event>
    <event>
       <key><shiftstate></shiftstate><vkey>K_SPACE</vkey></key>
       <postcontext><text>তত সত তত্‌ </text></postcontext>
    </event>
    <event>
       <key><shiftstate></shiftstate><vkey>K_S</vkey></key>
       <postcontext><text>তত সত তত্‌ স্</text></postcontext>
    </event>
    <event>
       <key><shiftstate></shiftstate><vkey>K_A</vkey></key>
       <postcontext><text>তত সত তত্‌ স</text></postcontext>
    </event>
    <event>
       <key><shiftstate></shiftstate><vkey>K_T</vkey></key>
       <postcontext><text>তত সত তত্‌ সত্</text></postcontext>
    </event>
    <event>
       <key><shiftstate><shift/></shiftstate><vkey>K_6</vkey></key>
       <postcontext><text>তত সত তত্‌ সত্‌</text></postcontext>
    </event>
    <event>
       <key><shiftstate></shiftstate><vkey>K_SPACE</vkey></key>
       <postcontext><text>তত সত তত্‌ সত্‌ </text></postcontext>
    </event>
    <event>
       <key><shiftstate></shiftstate><vkey>K_S</vkey></key>
       <postcontext><text>তত সত তত্‌ সত্‌ স্</text></postcontext>
    </event>
    <event>
       <key><shiftstate></shiftstate><vkey>K_A</vkey></key>
       <postcontext><text>তত সত তত্‌ সত্‌ স</text></postcontext>
    </event>
    <event>
       <key><shiftstate></shiftstate><vkey>K_Z</vkey></key>
       <postcontext><text>তত সত তত্‌ সত্‌ সৎ</text></postcontext>
    </event>
    <event>
       <key><shiftstate></shiftstate><vkey>K_SPACE</vkey></key>
       <postcontext><text>তত সত তত্‌ সত্‌ সৎ </text></postcontext>
    </event>
  </events></regressiontest>
